Welcome to Allegro CL for Windows
Version: 3.0.2 Release: 15-Jan-97 18:56
Copyright (C) 1992-1997, Franz Inc., Berkeley, CA, USA.
All rights reserved.
Loaded Franz Inc. Patches: (tanh random pathrel ldread evwhen docrefs dispmm copyary backq4 backq3 backq2 backq)

> (trace 'ambrc::ballotage-rating)
(QUOTE)
> (untrace)
(QUOTE)
> (trace ambrc::ballotage-rating)
(BALLOTAGE-RATING)
> (g 30)
;; Time  30.00, 260 agents in WM:  83 c,  75 i, 102 h (28+74+0)
;;   38 clocks;  62 ag on agenda:   8 c,  12 i,  32 h (8+24+0), 10 nc

 |  sit    |   ri  | ca |   mi  | cm |    |  sit    |   ri  | ca |   mi  | cm |   
 +---------+-------+----+-------+----+    +---------+-------+----+-------+----+
 | sit-WTP | 0.268 | 14 | -.041 |  9 |    | sit-BF  | 0.000 |  0 | -.999 |  0 |   
 | sit-IHC | 0.060 |  4 | -.704 |  4 |    | sit-GP  | 0.000 |  0 | -.999 |  0 |   
 | sit-MTF | 0.093 |  6 | -.578 |  5 |    | sit-BPF | 0.005 |  1 | -.924 |  1 |   
 | sit-ICF | 0.046 |  4 | -.867 |  2 |    | sit-FDO | 0.339 | 15 | 0.123 |  8 |   
 | sit-STC | 0.000 |  0 | -.999 |  0 |    | sit-ERW | 0.049 |  4 | -.596 |  5 |   
 | sit-SFF | 0.058 |  8 | -.624 |  5 |    | sit-GWB | 0.000 |  0 | -.999 |  0 |   
 +---------+-------+----+-------+----+    +---------+-------+----+-------+----+
 | SIT-CM1 | 2.608 | 11 | 0.476 | 10 |    | all WM  |153.37 |253 |       | 62 |


> (mt)
 sit-cm1         sit-fdo          1.39   mature
 milk-cm1        oven-fdo         1.13   mature
 tpot-cm1        tpot-wtp         1.24   mature
 in-cm1          in-fdo-do        1.24   mature
 t-of-cm1        t-of-fdo-o       1.30   mature
 low-t-cm1       high-t-fdo       1.18   mature
 made-of-cm1     made-of-wtp      1.16   mature
 mmetal-cm1      mmetal-wtp       1.13   mature
 initst-cm1      initst-fdo-1     1.14   mature
 goalst-cm1      goalst-fdo       0.82   mature
 to-reach-cm1    <unmapped>       0.00   
> (g 20)
;; Time  50.00, 289 agents in WM:  84 c,  76 i, 129 h (30+99+0)
;;   41 clocks;  32 ag on agenda:   5 c,   8 i,  16 h (10+6+0), 3 nc

 |  sit    |   ri  | ca |   mi  | cm |    |  sit    |   ri  | ca |   mi  | cm |   
 +---------+-------+----+-------+----+    +---------+-------+----+-------+----+
 | sit-WTP | 0.309 | 14 | 0.175 | 10 |    | sit-BF  | 0.000 |  0 | -.999 |  0 |   
 | sit-IHC | 0.062 |  4 | -.767 |  4 |    | sit-GP  | 0.000 |  0 | -.999 |  0 |   
 | sit-MTF | 0.069 |  6 | -.757 |  4 |    | sit-BPF | 0.006 |  1 | -.937 |  1 |   
 | sit-ICF | 0.044 |  4 | -.777 |  4 |    | sit-FDO | 0.527 | 17 | 0.517 |  9 |   
 | sit-STC | 0.000 |  0 | -.999 |  0 |    | sit-ERW | 0.039 |  3 | -.728 |  4 |   
 | sit-SFF | 0.061 |  8 | -.672 |  6 |    | sit-GWB | 0.000 |  0 | -.999 |  0 |   
 +---------+-------+----+-------+----+    +---------+-------+----+-------+----+
 | SIT-CM1 | 2.665 | 11 | 1.011 | 11 |    | all WM  |176.03 |282 |       | 32 |


> (mt)
 sit-cm1         sit-fdo          1.56   mature
 milk-cm1        oven-fdo         1.27   mature
 tpot-cm1        tpot-wtp         1.46   mature
 in-cm1          in-fdo-do        1.37   mature
 t-of-cm1        t-of-fdo-o       1.29   mature
 low-t-cm1       high-t-fdo       1.56   mature
 made-of-cm1     made-of-wtp      1.51   mature
 mmetal-cm1      mmetal-wtp       1.44   mature
 initst-cm1      initst-fdo-1     1.41   mature
 goalst-cm1      goalst-fdo       1.42   mature
 to-reach-cm1    to-reach-fdo     1.18   mature
> (rt #$tpot-cm1)
 0.773  1.456  m  tpot-cm1<-->tpot-wtp 
 0.145  0.739  m  tpot-cm1<-->dish-fdo 
 0.206  0.692  m  tpot-cm1<==>oven-fdo 
 0.161  0.665  m  tpot-cm1<-->tpot-erw 
 0.288  0.514  m  tpot-cm1<==>food-sff 
 0.030  0.477  m  tpot-cm1<-->cup-ihc  
 0.099  0.464  m  tpot-cm1<==>cook-vessel 
 0.093  0.443  m  tpot-cm1<==>plate    
#<RT TPOT-CM1>
> (hyps #$tpot-cm1)
 1.456  m   4    tpot-cm1<-->tpot-wtp
 0.477  m   3    tpot-cm1<-->cup-ihc
 0.665  m   2    tpot-cm1<-->tpot-erw
 0.739  m   2    tpot-cm1<-->dish-fdo
 0.464  m   1    tpot-cm1<==>cook-vessel
 0.443  m   1    tpot-cm1<==>plate
 0.692  m   2    tpot-cm1<==>oven-fdo
 0.514  m   1    tpot-cm1<==>food-sff
 0.529   e  1 *  tpot-cm1<==>food-fdo
 0.521   e  1 *  tpot-cm1<==>hplate-wtp
 10 hyps (2 e + 8 m + 0 W)

> (g)
;; Time  60.00, 286 agents in WM:  88 c,  76 i, 122 h (15+107+0)
;;   22 clocks;  15 ag on agenda:   1 c,   3 i,   8 h (2+6+0), 3 nc

 |  sit    |   ri  | ca |   mi  | cm |    |  sit    |   ri  | ca |   mi  | cm |   
 +---------+-------+----+-------+----+    +---------+-------+----+-------+----+
 | sit-WTP | 0.317 | 14 | 0.196 | 10 |    | sit-BF  | 0.000 |  0 | -.999 |  0 |   
 | sit-IHC | 0.063 |  4 | -.818 |  3 |    | sit-GP  | 0.000 |  0 | -.999 |  0 |   
 | sit-MTF | 0.068 |  6 | -.739 |  5 |    | sit-BPF | 0.006 |  1 | -.939 |  1 |   
 | sit-ICF | 0.044 |  4 | -.791 |  4 |    | sit-FDO | 0.579 | 17 | 0.510 |  8 |   
 | sit-STC | 0.000 |  0 | -.999 |  0 |    | sit-ERW | 0.039 |  3 | -.781 |  3 |   
 | sit-SFF | 0.061 |  8 | -.745 |  5 |    | sit-GWB | 0.000 |  0 | -.999 |  0 |   
 +---------+-------+----+-------+----+    +---------+-------+----+-------+----+
 | SIT-CM1 | 2.701 | 11 | 1.098 | 11 |    | all WM  |177.38 |279 |       | 15 |


> (mt)
 sit-cm1         sit-fdo          1.61   mature
 milk-cm1        oven-fdo         1.19   mature
 tpot-cm1        tpot-wtp         1.48   mature
 in-cm1          in-fdo-do        1.32   mature
 t-of-cm1        t-of-fdo-f       1.30   mature
 low-t-cm1       high-t-fdo       1.60   mature
 made-of-cm1     made-of-wtp      1.53   mature
 mmetal-cm1      mmetal-wtp       1.47   mature
 initst-cm1      initst-fdo-1     1.50   mature
 goalst-cm1      goalst-fdo       1.55   mature
 to-reach-cm1    to-reach-fdo     1.50   mature
> (rt #$tpot-cm1)
 0.908  1.477  m  tpot-cm1<-->tpot-wtp 
 0.105  0.724  m  tpot-cm1<==>oven-fdo 
 0.045  0.722  m  tpot-cm1<-->dish-fdo 
 0.347  0.676  m  tpot-cm1<==>hplate-wtp 
 0.052  0.647  m  tpot-cm1<-->tpot-erw 
 0.287  0.649  m  tpot-cm1<==>food-fdo 
 0.000  0.452  m  tpot-cm1<-->cup-ihc  
 0.000  0.000  m  tpot-cm1<==>cook-vessel 
 0.150  0.420  m  tpot-cm1<==>food-sff 
 0.000  0.000  m  tpot-cm1<==>plate    
#<RT TPOT-CM1>
> (g)
;; Time  70.00, 276 agents in WM:  88 c,  78 i, 110 h (6+104+0)
;;   22 clocks;   5 ag on agenda:   2 c,   2 i,   1 h (1+0+0), 0 nc

 |  sit    |   ri  | ca |   mi  | cm |    |  sit    |   ri  | ca |   mi  | cm |   
 +---------+-------+----+-------+----+    +---------+-------+----+-------+----+
 | sit-WTP | 0.328 | 14 | 0.200 | 10 |    | sit-BF  | 0.000 |  0 | -.999 |  0 |   
 | sit-IHC | 0.064 |  4 | -.816 |  3 |    | sit-GP  | 0.000 |  0 | -.999 |  0 |   
 | sit-MTF | 0.072 |  6 | -.757 |  5 |    | sit-BPF | 0.006 |  1 | -.941 |  1 |   
 | sit-ICF | 0.043 |  4 | -.857 |  3 |    | sit-FDO | 0.620 | 19 | 0.520 |  8 |   
 | sit-STC | 0.000 |  0 | -.999 |  0 |    | sit-ERW | 0.040 |  3 | -.781 |  3 |   
 | sit-SFF | 0.063 |  8 | -.744 |  5 |    | sit-GWB | 0.000 |  0 | -.999 |  0 |   
 +---------+-------+----+-------+----+    +---------+-------+----+-------+----+
 | SIT-CM1 | 2.715 | 11 | 1.111 | 11 |    | all WM  |171.89 |269 |       |  5 |


> (mt)
 sit-cm1         sit-fdo          1.62   mature
 milk-cm1        oven-fdo         1.12   mature
 tpot-cm1        tpot-wtp         1.48   mature
 in-cm1          in-fdo-do        1.28   mature
 t-of-cm1        t-of-fdo-f       1.34   mature
 low-t-cm1       high-t-fdo       1.61   mature
 made-of-cm1     made-of-wtp      1.54   mature
 mmetal-cm1      mmetal-wtp       1.48   mature
 initst-cm1      initst-fdo-1     1.53   mature
 goalst-cm1      goalst-fdo       1.58   mature
 to-reach-cm1    to-reach-fdo     1.56   mature
> (rt #$tpot-cm1)
 0.976  1.484  m  tpot-cm1<-->tpot-wtp 
 0.055  0.755  m  tpot-cm1<==>oven-fdo 
 0.000  0.734  m  tpot-cm1<-->dish-fdo 
 0.234  0.694  m  tpot-cm1<==>food-fdo 
 0.000  0.649  m  tpot-cm1<-->tpot-erw 
 0.286  0.574  m  tpot-cm1<==>hplate-wtp 
 0.000  0.451  m  tpot-cm1<-->cup-ihc  
 0.079  0.408  m  tpot-cm1<==>food-sff 
#<RT TPOT-CM1>
> (hyps #$tpot-cm1)
 1.484  m   4    tpot-cm1<-->tpot-wtp
 0.451  m   3    tpot-cm1<-->cup-ihc
 0.649  m   2    tpot-cm1<-->tpot-erw
 0.734  m   2    tpot-cm1<-->dish-fdo
 0.755  m   2    tpot-cm1<==>oven-fdo
 0.408  m   1    tpot-cm1<==>food-sff
 0.694  m   1    tpot-cm1<==>food-fdo
 0.574  m   1    tpot-cm1<==>hplate-wtp
 8 hyps (0 e + 8 m + 0 W)

> (g)
; 1> BALLOTAGE-RATING called with args:
;         #$tpot-cm1
;         ((#$tpot-cm1<-->tpot-wtp 1.045 NIL) (#$tpot-cm1<==>oven-fdo 0.007 NIL)
(#$tpot-cm1<-->dish-fdo 0.000 NIL) (#$tpot-cm1<==>food-fdo 0.181 NIL) (#$tpot-cm1<-->tpot-erw
0.000 NIL) (#$tpot-cm1<==>hplate-wtp 0.225 NIL) (#$tpot-cm1<-->cup-ihc 0.000 NIL)
(#$tpot-cm1<==>food-sff 0.007 NIL))
;         #$sit-fdo
;         #$sit-cm1<==>sit-fdo
; 1< BALLOTAGE-RATING returns value:
;         :SUSPENDED
;; T=74.00, #<PR INITST-CM1> received in INITST-CM1<-->INITST-FDO-1.
;; T=74.60, #<PR LOW-T-CM1> received in LOW-T-CM1<-->HIGH-T-FDO.
; 2> BALLOTAGE-RATING called with args:
;         #$made-of-cm1
;         ((#$made-of-cm1<-->made-of-wtp 1.038 NIL) (#$made-of-cm1<-->made-of-ihc 0.000 NIL)
(#$made-of-cm1<-->made-of-erw 0.000 NIL) (#$made-of-cm1<-->ckves-md-metal 0.000 (:NEED-SKOLEMIZ))
(#$made-of-cm1<-->plate-md-china 0.000 (:NEED-SKOLEMIZ)))
;         #$sit-fdo
;         #$sit-cm1<==>sit-fdo
; 2< BALLOTAGE-RATING returns value:
;         :SUSPENDED
;; T=80.00, #<SkI MADE-OF-CM1> received in MADE-OF-CM1<-->CKVES-MD-METAL.
;; Time  80.00, 269 agents in WM:  93 c,  78 i,  98 h (4+92+2)
;;    9 clocks;   4 ag on agenda:   0 c,   1 i,   2 h (1+1+0), 1 nc

 |  sit    |   ri  | ca |   mi  | cm |    |  sit    |   ri  | ca |   mi  | cm |   
 +---------+-------+----+-------+----+    +---------+-------+----+-------+----+
 | sit-WTP | 0.294 | 14 | -.081 | 10 |    | sit-BF  | 0.000 |  0 | -.999 |  0 |   
 | sit-IHC | 0.064 |  4 | -.836 |  3 |    | sit-GP  | 0.000 |  0 | -.999 |  0 |   
 | sit-MTF | 0.076 |  6 | -.851 |  3 |    | sit-BPF | 0.006 |  1 | -.947 |  1 |   
 | sit-ICF | 0.045 |  4 | -.854 |  3 |    | sit-FDO | 0.747 | 19 | 0.737 |  9 |   
 | sit-STC | 0.000 |  0 | -.999 |  0 |    | sit-ERW | 0.040 |  3 | -.762 |  3 |   
 | sit-SFF | 0.064 |  8 | -.745 |  5 |    | sit-GWB | 0.000 |  0 | -.999 |  0 |   
 +---------+-------+----+-------+----+    +---------+-------+----+-------+----+
 | SIT-CM1 | 2.745 | 11 | 1.122 | 11 |    | all WM  |169.00 |262 |       |  4 |


> (hyps #$made-of-cm1)
 0.642  m   1 *  made-of-cm1<-->ckves-md-metal
 0.636  m   1    made-of-cm1<-->plate-md-china
 0.662  m   1    made-of-cm1<-->made-of-ihc
 1.474  m   1    made-of-cm1<-->made-of-wtp
 0.647  m   1    made-of-cm1<-->made-of-erw
 5 hyps (0 e + 5 m + 0 W)

> (g)
; 3> BALLOTAGE-RATING called with args:
;         #$mmetal-cm1
;         ((#$mmetal-cm1<-->mmetal-wtp 1.012 NIL) (#$mmetal-cm1<-->mmetal-erw 0.000 NIL)
(#$mmetal-cm1<-->mmetal-ckves 0.000 (:NEED-SKOLEMIZ)))
;         #$sit-fdo
;         #$sit-cm1<==>sit-fdo
; 3< BALLOTAGE-RATING returns value:
;         :SUSPENDED
;; T=80.50, #$made-of-cm1<-->ckves-md-metal begins skolemization.
;; T=80.90, #<PR GOALST-CM1> received in GOALST-CM1<-->GOALST-FDO.
;; T=81.20, #<PR SIT-CM1> received in SIT-CM1<==>SIT-FDO.
;; T=81.90, #<SM1 MADE-OF-CM1<-->CKVES-MD-METAL> received in *MATERIAL-METAL-1.
;; T=82.10, #<SM1 *MATERIAL-METAL-1> received in MADE-OF-CM1<-->CKVES-MD-METAL.
;; T=82.80, #$*material-metal-1 affiliates to #$sit-fdo.
;; T=84.20, #<SM2 MADE-OF-CM1<-->CKVES-MD-METAL> received in *MADE-OF-1.
;; T=85.00, #<SM2 *MADE-OF-1> received in MADE-OF-CM1<-->CKVES-MD-METAL.
;; T=87.60, #$*made-of-1 affiliates to #$sit-fdo.
;; Time  90.00, 251 agents in WM:  93 c,  81 i,  77 h (2+71+4)
;;    7 clocks;   5 ag on agenda:   0 c,   2 i,   2 h (1+1+0), 1 nc

 |  sit    |   ri  | ca |   mi  | cm |    |  sit    |   ri  | ca |   mi  | cm |   
 +---------+-------+----+-------+----+    +---------+-------+----+-------+----+
 | sit-WTP | 0.200 | 14 | -.809 |  8 |    | sit-BF  | 0.000 |  0 | -.999 |  0 |   
 | sit-IHC | 0.065 |  4 | -.828 |  3 |    | sit-GP  | 0.000 |  0 | -.999 |  0 |   
 | sit-MTF | 0.084 |  6 | -.929 |  2 |    | sit-BPF | 0.007 |  1 | -.999 |  0 |   
 | sit-ICF | 0.051 |  4 | -.955 |  1 |    | sit-FDO | 0.855 | 21 | 0.993 | 10 |   
 | sit-STC | 0.000 |  0 | -.999 |  0 |    | sit-ERW | 0.054 |  4 | -.708 |  3 |   
 | sit-SFF | 0.070 |  8 | -.903 |  3 |    | sit-GWB | 0.000 |  0 | -.999 |  0 |   
 +---------+-------+----+-------+----+    +---------+-------+----+-------+----+
 | SIT-CM1 | 2.831 | 11 | 1.118 | 11 |    | all WM  |164.17 |244 |       |  5 |


> 
> (hyps #$made-of-cm1)
 0.902  m   1    made-of-cm1<-->ckves-md-metal
 0.863  m   1    made-of-cm1<-->plate-md-china
 0.911  m   1    made-of-cm1<-->made-of-ihc
 0.125  m   1    made-of-cm1<-->made-of-wtp
 0.935  m   1    made-of-cm1<-->made-of-erw
 5 hyps (0 e + 5 m + 0 W)

> (g)
;; T=92.20, #<PR TO-REACH-CM1> received in TO-REACH-CM1<-->TO-REACH-FDO.
;; Time  99.99, 241 agents in WM:  95 c,  81 i,  65 h (0+60+5)
;;    6 clocks;   0 ag on agenda:   0 c,   0 i,   0 h (0+0+0), 0 nc

 |  sit    |   ri  | ca |   mi  | cm |    |  sit    |   ri  | ca |   mi  | cm |   
 +---------+-------+----+-------+----+    +---------+-------+----+-------+----+
 | sit-WTP | 0.208 | 14 | -.876 |  5 |    | sit-BF  | 0.000 |  0 | -.999 |  0 |   
 | sit-IHC | 0.069 |  4 | -.886 |  2 |    | sit-GP  | 0.000 |  0 | -.999 |  0 |   
 | sit-MTF | 0.088 |  6 | -.999 |  0 |    | sit-BPF | 0.007 |  1 | -.999 |  0 |   
 | sit-ICF | 0.058 |  4 | -.999 |  0 |    | sit-FDO | 0.956 | 21 | 1.290 | 11 |   
 | sit-STC | 0.000 |  0 | -.999 |  0 |    | sit-ERW | 0.051 |  4 | -.744 |  3 |   
 | sit-SFF | 0.076 |  8 | -.989 |  1 |    | sit-GWB | 0.000 |  0 | -.999 |  0 |   
 +---------+-------+----+-------+----+    +---------+-------+----+-------+----+
 | SIT-CM1 | 2.893 | 11 | 1.290 | 11 |    | all WM  |164.91 |234 |       |  0 |


> (mt)
 sit-cm1         sit-fdo          1.89   winner
 milk-cm1        food-fdo         1.45   mature
 tpot-cm1        oven-fdo         1.36   mature
 in-cm1          in-fdo-do        1.33   mature
 t-of-cm1        t-of-fdo-f       1.54   mature
 low-t-cm1       high-t-fdo       1.78   winner
 made-of-cm1     *made-of-1       1.23   mature
 mmetal-cm1      *material-metal-1  1.47   mature
 initst-cm1      initst-fdo-1     1.73   winner
 goalst-cm1      goalst-fdo       1.76   winner
 to-reach-cm1    to-reach-fdo     1.77   winner
> (hyps #$tpot-cm1)
 0.530  m   2    tpot-cm1<-->tpot-erw
 1.090  m   3    tpot-cm1<-->dish-fdo
 1.355  m   2    tpot-cm1<==>oven-fdo
 0.808  m   1    tpot-cm1<==>food-fdo
 0.361  m   0    tpot-cm1<==>hplate-wtp
 5 hyps (0 e + 5 m + 0 W)

> (hyps #$made-of-cm1)
 0.814  m   1    made-of-cm1<-->ckves-md-metal
 0.776  m   1    made-of-cm1<-->plate-md-china
 0.848  m   1    made-of-cm1<-->made-of-ihc
 0.905  m   1    made-of-cm1<-->made-of-erw
 1.234  m   1    made-of-cm1<-->*made-of-1
 5 hyps (0 e + 5 m + 0 W)

> (hyps #$mmetal-cm1)
 0.718  m   2    mmetal-cm1<-->mmetal-ckves
 0.812  m   2    mmetal-cm1<-->mmetal-erw
 1.468  m   2    mmetal-cm1<-->*material-metal-1
 3 hyps (0 e + 3 m + 0 W)

> (g 50)
;; T=135.40, #<PR MADE-OF-CM1> received in MADE-OF-CM1<-->*MADE-OF-1.
;; T=136.20, #<PR MMETAL-CM1> received in MMETAL-CM1<-->*MATERIAL-METAL-1.
;; Time 150.00, 240 agents in WM:  99 c,  80 i,  61 h (0+54+7)
;;    4 clocks;   0 ag on agenda:   0 c,   0 i,   0 h (0+0+0), 0 nc

 |  sit    |   ri  | ca |   mi  | cm |    |  sit    |   ri  | ca |   mi  | cm |   
 +---------+-------+----+-------+----+    +---------+-------+----+-------+----+
 | sit-WTP | 0.217 | 14 | -.911 |  4 |    | sit-BF  | 0.000 |  0 | -.999 |  0 |   
 | sit-IHC | 0.073 |  4 | -.963 |  2 |    | sit-GP  | 0.000 |  0 | -.999 |  0 |   
 | sit-MTF | 0.089 |  6 | -.999 |  0 |    | sit-BPF | 0.007 |  1 | -.999 |  0 |   
 | sit-ICF | 0.058 |  4 | -.999 |  0 |    | sit-FDO | 1.025 | 21 | 1.440 | 11 |   
 | sit-STC | 0.000 |  0 | -.999 |  0 |    | sit-ERW | 0.035 |  3 | -.962 |  2 |   
 | sit-SFF | 0.077 |  8 | -.989 |  1 |    | sit-GWB | 0.000 |  0 | -.999 |  0 |   
 +---------+-------+----+-------+----+    +---------+-------+----+-------+----+
 | SIT-CM1 | 2.933 | 11 | 1.440 | 11 |    | all WM  |163.96 |233 |       |  0 |


> (mt)
 sit-cm1         sit-fdo          1.91   winner
 milk-cm1        food-fdo         1.60   mature
 tpot-cm1        dish-fdo         1.38   mature
 in-cm1          in-fdo-do        1.31   mature
 t-of-cm1        t-of-fdo-f       1.55   mature
 low-t-cm1       high-t-fdo       1.79   winner
 made-of-cm1     *made-of-1       1.76   winner
 mmetal-cm1      *material-metal-1  1.73   winner
 initst-cm1      initst-fdo-1     1.73   winner
 goalst-cm1      goalst-fdo       1.77   winner
 to-reach-cm1    to-reach-fdo     1.77   winner
> (hyps #$tpot-cm1)
 1.382  m   3    tpot-cm1<-->dish-fdo
 1.283  m   2    tpot-cm1<==>oven-fdo
 0.676  m   1    tpot-cm1<==>food-fdo
 3 hyps (0 e + 3 m + 0 W)

> (rt #$tpot-cm1)
 0.006  1.382  m  tpot-cm1<-->dish-fdo 
 0.883  1.283  m  tpot-cm1<==>oven-fdo 
 0.000  0.676  m  tpot-cm1<==>food-fdo 
#<RT TPOT-CM1>
> (G 50)
;; T=156.00, #<PR MILK-CM1> received in MILK-CM1<==>FOOD-FDO.
;; Time 200.00, 247 agents in WM: 102 c,  84 i,  61 h (0+53+8)
;;    3 clocks;   0 ag on agenda:   0 c,   0 i,   0 h (0+0+0), 0 nc

 |  sit    |   ri  | ca |   mi  | cm |    |  sit    |   ri  | ca |   mi  | cm |   
 +---------+-------+----+-------+----+    +---------+-------+----+-------+----+
 | sit-WTP | 0.219 | 14 | -.958 |  3 |    | sit-BF  | 0.000 |  0 | -.999 |  0 |   
 | sit-IHC | 0.073 |  4 | -.963 |  2 |    | sit-GP  | 0.000 |  0 | -.999 |  0 |   
 | sit-MTF | 0.086 |  6 | -.999 |  0 |    | sit-BPF | 0.007 |  1 | -.999 |  0 |   
 | sit-ICF | 0.058 |  4 | -.999 |  0 |    | sit-FDO | 1.060 | 21 | 1.501 | 11 |   
 | sit-STC | 0.000 |  0 | -.999 |  0 |    | sit-ERW | 0.035 |  3 | -.962 |  2 |   
 | sit-SFF | 0.136 | 12 | -.980 |  2 |    | sit-GWB | 0.000 |  0 | -.999 |  0 |   
 +---------+-------+----+-------+----+    +---------+-------+----+-------+----+
 | SIT-CM1 | 2.936 | 11 | 1.501 | 11 |    | all WM  |166.23 |240 |       |  0 |


> (mt)
 sit-cm1         sit-fdo          1.91   winner
 milk-cm1        food-fdo         1.76   winner
 tpot-cm1        dish-fdo         1.51   mature
 in-cm1          on-fdo           1.37   mature
 t-of-cm1        t-of-fdo-f       1.60   mature
 low-t-cm1       high-t-fdo       1.79   winner
 made-of-cm1     *made-of-1       1.77   winner
 mmetal-cm1      *material-metal-1  1.73   winner
 initst-cm1      initst-fdo-1     1.73   winner
 goalst-cm1      goalst-fdo       1.77   winner
 to-reach-cm1    to-reach-fdo     1.77   winner
> (hyps #$tpot-cm1)
 1.511  m   3    tpot-cm1<-->dish-fdo
 1.187  m   2    tpot-cm1<==>oven-fdo
 2 hyps (0 e + 2 m + 0 W)

> (rt #$tpot-cm1)
 0.231  1.511  m  tpot-cm1<-->dish-fdo 
 0.733  1.187  m  tpot-cm1<==>oven-fdo 
#<RT TPOT-CM1>
> (g 50)
;; T=220.80, #<PR T-OF-CM1> received in T-OF-CM1<-->T-OF-FDO-F.
;; Time 250.00, 246 agents in WM: 102 c,  84 i,  60 h (0+51+9)
;;    2 clocks;   0 ag on agenda:   0 c,   0 i,   0 h (0+0+0), 0 nc

 |  sit    |   ri  | ca |   mi  | cm |    |  sit    |   ri  | ca |   mi  | cm |   
 +---------+-------+----+-------+----+    +---------+-------+----+-------+----+
 | sit-WTP | 0.219 | 14 | -.959 |  3 |    | sit-BF  | 0.000 |  0 | -.999 |  0 |   
 | sit-IHC | 0.073 |  4 | -.964 |  2 |    | sit-GP  | 0.000 |  0 | -.999 |  0 |   
 | sit-MTF | 0.086 |  6 | -.999 |  0 |    | sit-BPF | 0.007 |  1 | -.999 |  0 |   
 | sit-ICF | 0.059 |  4 | -.999 |  0 |    | sit-FDO | 1.085 | 21 | 1.537 | 11 |   
 | sit-STC | 0.000 |  0 | -.999 |  0 |    | sit-ERW | 0.035 |  3 | -.962 |  2 |   
 | sit-SFF | 0.137 | 12 | -.987 |  1 |    | sit-GWB | 0.000 |  0 | -.999 |  0 |   
 +---------+-------+----+-------+----+    +---------+-------+----+-------+----+
 | SIT-CM1 | 2.927 | 11 | 1.537 | 11 |    | all WM  |166.43 |239 |       |  0 |


> (rt #$tpot-cm1)
 0.576  1.525  m  tpot-cm1<-->dish-fdo 
 0.503  1.176  m  tpot-cm1<==>oven-fdo 
#<RT TPOT-CM1>
> (hyps #$tpot-cm1)
 1.525  m   3    tpot-cm1<-->dish-fdo
 1.176  m   2    tpot-cm1<==>oven-fdo
 2 hyps (0 e + 2 m + 0 W)

> (g 50)
;; Time 300.00, 246 agents in WM: 102 c,  84 i,  60 h (0+51+9)
;;    2 clocks;   0 ag on agenda:   0 c,   0 i,   0 h (0+0+0), 0 nc

 |  sit    |   ri  | ca |   mi  | cm |    |  sit    |   ri  | ca |   mi  | cm |   
 +---------+-------+----+-------+----+    +---------+-------+----+-------+----+
 | sit-WTP | 0.219 | 14 | -.959 |  3 |    | sit-BF  | 0.000 |  0 | -.999 |  0 |   
 | sit-IHC | 0.073 |  4 | -.964 |  2 |    | sit-GP  | 0.000 |  0 | -.999 |  0 |   
 | sit-MTF | 0.086 |  6 | -.999 |  0 |    | sit-BPF | 0.007 |  1 | -.999 |  0 |   
 | sit-ICF | 0.059 |  4 | -.999 |  0 |    | sit-FDO | 1.085 | 21 | 1.537 | 11 |   
 | sit-STC | 0.000 |  0 | -.999 |  0 |    | sit-ERW | 0.035 |  3 | -.962 |  2 |   
 | sit-SFF | 0.137 | 12 | -.987 |  1 |    | sit-GWB | 0.000 |  0 | -.999 |  0 |   
 +---------+-------+----+-------+----+    +---------+-------+----+-------+----+
 | SIT-CM1 | 2.927 | 11 | 1.537 | 11 |    | all WM  |166.43 |239 |       |  0 |


> (rt #$tpot-cm1)
 0.926  1.525  m  tpot-cm1<-->dish-fdo 
 0.270  1.176  m  tpot-cm1<==>oven-fdo 
#<RT TPOT-CM1>
> (g 20)
;; T=310.80, #<PR TPOT-CM1> received in TPOT-CM1<-->DISH-FDO.
;; Time 320.00, 244 agents in WM: 102 c,  84 i,  58 h (0+48+10)
;;    1 clocks;   0 ag on agenda:   0 c,   0 i,   0 h (0+0+0), 0 nc

 |  sit    |   ri  | ca |   mi  | cm |    |  sit    |   ri  | ca |   mi  | cm |   
 +---------+-------+----+-------+----+    +---------+-------+----+-------+----+
 | sit-WTP | 0.216 | 14 | -.959 |  3 |    | sit-BF  | 0.000 |  0 | -.999 |  0 |   
 | sit-IHC | 0.073 |  4 | -.964 |  2 |    | sit-GP  | 0.000 |  0 | -.999 |  0 |   
 | sit-MTF | 0.087 |  6 | -.999 |  0 |    | sit-BPF | 0.007 |  1 | -.999 |  0 |   
 | sit-ICF | 0.059 |  4 | -.999 |  0 |    | sit-FDO | 1.112 | 21 | 1.590 | 11 |   
 | sit-STC | 0.000 |  0 | -.999 |  0 |    | sit-ERW | 0.035 |  3 | -.963 |  2 |   
 | sit-SFF | 0.137 | 12 | -.987 |  1 |    | sit-GWB | 0.000 |  0 | -.999 |  0 |   
 +---------+-------+----+-------+----+    +---------+-------+----+-------+----+
 | SIT-CM1 | 2.923 | 11 | 1.590 | 11 |    | all WM  |166.75 |237 |       |  0 |


> (rt #$tpot-cm1)
 1.030  1.767  WW tpot-cm1<-->dish-fdo 
 0.200  0.739  m  tpot-cm1<==>oven-fdo 
#<RT TPOT-CM1>
> (hyps #$tpot-cm1)
 1.767  WW  3    tpot-cm1<-->dish-fdo
 0.739  m   2    tpot-cm1<==>oven-fdo
 2 hyps (0 e + 1 m + 1 W)

> (mt)
 sit-cm1         sit-fdo          1.92   winner
 milk-cm1        food-fdo         1.78   winner
 tpot-cm1        dish-fdo         1.77   winner
 in-cm1          on-fdo           1.45   mature
 t-of-cm1        t-of-fdo-f       1.76   winner
 low-t-cm1       high-t-fdo       1.80   winner
 made-of-cm1     *made-of-1       1.79   winner
 mmetal-cm1      *material-metal-1  1.73   winner
 initst-cm1      initst-fdo-1     1.73   winner
 goalst-cm1      goalst-fdo       1.78   winner
 to-reach-cm1    to-reach-fdo     1.77   winner
> (g 30)
;; Time 350.00, 244 agents in WM: 102 c,  84 i,  58 h (0+48+10)
;;    1 clocks;   0 ag on agenda:   0 c,   0 i,   0 h (0+0+0), 0 nc

 |  sit    |   ri  | ca |   mi  | cm |    |  sit    |   ri  | ca |   mi  | cm |   
 +---------+-------+----+-------+----+    +---------+-------+----+-------+----+
 | sit-WTP | 0.217 | 14 | -.959 |  3 |    | sit-BF  | 0.000 |  0 | -.999 |  0 |   
 | sit-IHC | 0.073 |  4 | -.964 |  2 |    | sit-GP  | 0.000 |  0 | -.999 |  0 |   
 | sit-MTF | 0.087 |  6 | -.999 |  0 |    | sit-BPF | 0.007 |  1 | -.999 |  0 |   
 | sit-ICF | 0.059 |  4 | -.999 |  0 |    | sit-FDO | 1.112 | 21 | 1.592 | 11 |   
 | sit-STC | 0.000 |  0 | -.999 |  0 |    | sit-ERW | 0.035 |  3 | -.963 |  2 |   
 | sit-SFF | 0.137 | 12 | -.987 |  1 |    | sit-GWB | 0.000 |  0 | -.999 |  0 |   
 +---------+-------+----+-------+----+    +---------+-------+----+-------+----+
 | SIT-CM1 | 2.923 | 11 | 1.592 | 11 |    | all WM  |166.55 |237 |       |  0 |


> (hyps #$tpot-cm1)
 1.775  WW  3    tpot-cm1<-->dish-fdo
 0.718  m   2    tpot-cm1<==>oven-fdo
 2 hyps (0 e + 1 m + 1 W)

> (mt)
 sit-cm1         sit-fdo          1.92   winner
 milk-cm1        food-fdo         1.78   winner
 tpot-cm1        dish-fdo         1.77   winner
 in-cm1          on-fdo           1.46   mature
 t-of-cm1        t-of-fdo-f       1.76   winner
 low-t-cm1       high-t-fdo       1.80   winner
 made-of-cm1     *made-of-1       1.79   winner
 mmetal-cm1      *material-metal-1  1.73   winner
 initst-cm1      initst-fdo-1     1.73   winner
 goalst-cm1      goalst-fdo       1.78   winner
 to-reach-cm1    to-reach-fdo     1.77   winner
> 
